updating GRUB 2 menu...
Warning: os-prober will be executed to detect other bootable partitions.
Its output will be used to detect bootable binaries on them and create new boot entries.
lsblk: /dev/mapper/no*[0-9]: not a block device
lsblk: /dev/mapper/block*[0-9]: not a block device
lsblk: /dev/mapper/devices*[0-9]: not a block device
lsblk: /dev/mapper/found*[0-9]: not a block device
stopping the following units: qemu-guest-agent.service, systemd-udevd-control.socket, systemd-udevd-kernel.socket, systemd-udevd.service
activating the configuration...
setting up /etc...
reloading user units for triserden...
setting up tmpfiles
restarting the following units: nix-daemon.service
starting the following units: systemd-udevd-control.socket, systemd-udevd-kernel.socket
renamed to `fonts.packages'.
these 6 derivations will be built:
  /nix/store/bwxfi1xj4lkwwfg5k3rmjqlrnr5d8x6y-nix.conf.drv
  /nix/store/np2xccz9bn8phsavz0s7dkslagjjgicx-X-Restart-Triggers-nix-daemon.drv
  /nix/store/jimng1pkzdpfygjcglfy8bd7zyr8sk0h-unit-nix-daemon.service.drv
  /nix/store/qsw3dg0sam79qsqi7mfg0rxdzllvqq5c-system-units.drv
  /nix/store/qh85r7h6yb9nzw9dyfm319iw2ghhq66q-etc.drv
  /nix/store/pwpfjk1r0l2srfaas91ibkmzcj34fdxh-nixos-system-lenovolaptop-23.11.20240328.219951b.drv
building '/nix/store/bwxfi1xj4lkwwfg5k3rmjqlrnr5d8x6y-nix.conf.drv'...
building '/nix/store/np2xccz9bn8phsavz0s7dkslagjjgicx-X-Restart-Triggers-nix-daemon.drv'...
building '/nix/store/jimng1pkzdpfygjcglfy8bd7zyr8sk0h-unit-nix-daemon.service.drv'...
building '/nix/store/qsw3dg0sam79qsqi7mfg0rxdzllvqq5c-system-units.drv'...
building '/nix/store/qh85r7h6yb9nzw9dyfm319iw2ghhq66q-etc.drv'...
building '/nix/store/pwpfjk1r0l2srfaas91ibkmzcj34fdxh-nixos-system-lenovolaptop-23.11.20240328.219951b.drv'...
